NC_007417.3:c9357295-9346855	CM069433.1	145742403	145741912	164	0.0
NC_007417.3:c9357295-9346855	CM069433.1	145715513	145715223	97	0.0
NC_007417.3:c9357295-9346855	CM069433.1	145708718	145708497	74	0.0
NC_007417.3:c9357295-9346855	CM069433.1	145724079	145723807	91	0.0
NC_007417.3:c9357295-9346855	CM069433.1	145716640	145716338	101	0.0
NC_007417.3:c9357295-9346855	CM069433.1	145706544	145706305	80	0.0
NC_007417.3:c9357295-9346855	CM069433.1	145725046	145724972	25	0.0
NC_007417.3:c9357295-9346855	CM069433.1	145722960	145722865	32	0.0
NC_007417.3:c9357295-9346855	CM069433.1	145724920	145724843	26	0.0
NC_007417.3:c9357295-9346855	CM069433.1	145715221	145715511	97	9.43e-149
NC_007417.3:c9357295-9346855	CM069433.1	145742030	145742290	87	9.43e-149
NC_007417.3:c9357295-9346855	CM069433.1	145708495	145708719	75	9.43e-149
NC_007417.3:c9357295-9346855	CM069433.1	145723826	145724074	83	9.43e-149
NC_007417.3:c9357295-9346855	CM069433.1	145716321	145716557	79	9.43e-149
NC_007417.3:c9357295-9346855	CM069433.1	145706420	145706545	42	9.43e-149
NC_007417.3:c9357295-9346855	CM069433.1	145715199	145715513	105	1.04e-84
NC_007417.3:c9357295-9346855	CM069433.1	145742032	145742319	96	1.04e-84
NC_007417.3:c9357295-9346855	CM069433.1	145708494	145708718	75	1.04e-84
NC_007417.3:c9357295-9346855	CM069433.1	145723831	145724079	83	1.04e-84
NC_007417.3:c9357295-9346855	CM069433.1	145706320	145706535	72	1.04e-84
NC_007417.3:c9357295-9346855	CM069433.1	145716329	145716463	45	1.04e-84
NC_007417.3:c9357295-9346855	CM069433.1	145715508	145715260	83	2.10e-84
NC_007417.3:c9357295-9346855	CM069433.1	189847212	189846847	122	2.10e-84
NC_007417.3:c9357295-9346855	CM069433.1	145708722	145708495	76	2.10e-84
NC_007417.3:c9357295-9346855	CM069433.1	145741998	145741939	20	2.10e-84
NC_007417.3:c9357295-9346855	CM069433.1	145716569	145716342	76	2.10e-84
NC_007417.3:c9357295-9346855	CM069433.1	145715512	145715201	104	1.94e-52
NC_007417.3:c9357295-9346855	CM069433.1	145742317	145742039	93	1.94e-52
NC_007417.3:c9357295-9346855	CM069433.1	145708720	145708496	75	1.94e-52
NC_007417.3:c9357295-9346855	CM069433.1	145715213	145715512	100	2.30e-52
NC_007417.3:c9357295-9346855	CM069433.1	145708496	145708720	75	2.30e-52
NC_007417.3:c9357295-9346855	CM069433.1	145742031	145742255	75	2.30e-52
NC_007417.3:c9357295-9346855	CM069433.1	145706370	145706504	45	2.30e-52
NC_007417.3:c9357295-9346855	CM069433.1	145708724	145708506	73	7.31e-40
NC_007417.3:c9357295-9346855	CM069433.1	145742240	145742034	69	7.31e-40
NC_007417.3:c9357295-9346855	CM069433.1	145715471	145715292	60	7.31e-40
NC_007417.3:c9357295-9346855	CM069433.1	145706502	145706311	64	7.31e-40
NC_007417.3:c9357295-9346855	CM069433.1	90341962	90341657	102	7.81e-34
NC_007417.3:c9357295-9346855	CM069433.1	90342061	90341966	32	7.81e-34
NC_007417.3:c9357295-9346855	CM069433.1	195917823	195918170	116	4.32e-33
NC_007417.3:c9357295-9346855	CM069433.1	135742636	135742358	93	1.81e-30
NC_007417.3:c9357295-9346855	CM069433.1	145715495	145715295	67	5.34e-28
NC_007417.3:c9357295-9346855	CM069433.1	145716514	145716323	64	5.34e-28
NC_007417.3:c9357295-9346855	CM069433.1	145708649	145708509	47	5.34e-28
NC_007417.3:c9357295-9346855	CM069433.1	161541349	161541257	31	5.34e-28
NC_007417.3:c9357295-9346855	CM069433.1	145706466	145706320	49	4.19e-13
NC_007417.3:c9357295-9346855	CM069433.1	145708688	145708509	60	4.19e-13
NC_007417.3:c9357295-9346855	CM069433.1	175578933	175578820	38	4.19e-13
NC_007417.3:c9357295-9346855	CM069433.1	145716538	145716332	69	2.91e-12
NC_007417.3:c9357295-9346855	CM069433.1	145706505	145706308	66	7.55e-12
NC_007417.3:c9357295-9346855	CM069433.1	145715444	145715298	49	9.97e-12
NC_007417.3:c9357295-9346855	CM069433.1	145716517	145716329	63	9.97e-12
NC_007417.3:c9357295-9346855	CM069433.1	189846845	189847108	88	9.94e-10
NC_007417.3:c9357295-9346855	CM069433.1	145715296	145715439	48	9.94e-10
NC_007417.3:c9357295-9346855	CM069433.1	16453926	16454105	60	7.66e-09
NC_007417.3:c9357295-9346855	CM069433.1	16454174	16454308	45	7.66e-09
NC_007417.3:c9357295-9346855	CM069433.1	145724826	145724924	33	7.97e-08
NC_007417.3:c9357295-9346855	CM069433.1	145724958	145725017	20	7.97e-08
NC_007417.3:c9357295-9346855	CM069433.1	145724925	145724969	15	7.97e-08
NC_007417.3:c9357295-9346855	CM069435.1	79507908	79507564	115	5.49e-40
NC_007417.3:c9357295-9346855	CM069435.1	89673923	89674285	121	2.48e-38
NC_007417.3:c9357295-9346855	CM069435.1	33835535	33835302	78	1.19e-34
NC_007417.3:c9357295-9346855	CM069435.1	33835817	33835647	57	1.19e-34
NC_007417.3:c9357295-9346855	CM069435.1	28947169	28947008	54	1.32e-32
NC_007417.3:c9357295-9346855	CM069435.1	28946961	28946788	58	1.32e-32
NC_007417.3:c9357295-9346855	CM069435.1	58589326	58589694	123	1.04e-31
NC_007417.3:c9357295-9346855	CM069435.1	33860307	33860462	52	9.12e-19
NC_007417.3:c9357295-9346855	CM069435.1	33860580	33860663	28	9.12e-19
NC_007417.3:c9357295-9346855	CM069435.1	33860514	33860588	25	9.12e-19
NC_007417.3:c9357295-9346855	CM069435.1	107331059	107331193	45	7.72e-18
NC_007417.3:c9357295-9346855	CM069435.1	107330821	107330949	43	7.72e-18
NC_007417.3:c9357295-9346855	CM069435.1	107330999	107331034	12	7.72e-18
NC_007417.3:c9357295-9346855	CM069435.1	89674288	89673923	122	1.96e-11
NC_007417.3:c9357295-9346855	CM069435.1	79507639	79507908	90	9.58e-07
NC_007417.3:c9357295-9346855	CM069434.1	117978938	117978594	115	7.05e-39
NC_007417.3:c9357295-9346855	CM069434.1	117978596	117978516	27	7.05e-39
NC_007417.3:c9357295-9346855	CM069434.1	23368018	23367839	60	1.07e-30
NC_007417.3:c9357295-9346855	CM069434.1	23367806	23367621	62	1.07e-30
NC_007417.3:c9357295-9346855	CM069434.1	87156302	87156670	123	8.84e-26
NC_007417.3:c9357295-9346855	CM069434.1	87150846	87151205	120	4.33e-25
NC_007417.3:c9357295-9346855	CM069434.1	60422339	60422094	82	1.78e-18
NC_007417.3:c9357295-9346855	CM069434.1	60421730	60421638	31	1.78e-18
NC_007417.3:c9357295-9346855	CM069434.1	53226940	53226848	31	1.78e-18
NC_007417.3:c9357295-9346855	CM069434.1	120954057	120953896	54	1.02e-12
NC_007417.3:c9357295-9346855	CM069434.1	14293915	14293775	47	1.02e-12
NC_007417.3:c9357295-9346855	CM069434.1	117978601	117978819	73	1.12e-08
NC_007417.3:c9357295-9346855	CM069432.1	244197875	244197636	80	6.99e-33
NC_007417.3:c9357295-9346855	CM069432.1	244197983	244197876	36	6.99e-33
NC_007417.3:c9357295-9346855	CM069432.1	144937497	144937327	57	6.91e-30
NC_007417.3:c9357295-9346855	CM069432.1	144937715	144937548	56	6.91e-30
NC_007417.3:c9357295-9346855	CM069432.1	178143944	178143759	62	6.13e-17
NC_007417.3:c9357295-9346855	CM069432.1	178140487	178140284	68	6.13e-17
NC_007417.3:c9357295-9346855	CM069432.1	109117023	109116925	33	6.13e-17
NC_007417.3:c9357295-9346855	CM069432.1	80601712	80601605	36	6.13e-17
NC_007417.3:c9357295-9346855	CM069432.1	60068786	60068565	74	2.38e-06
NC_007417.3:c9357295-9346855	CM069432.1	60068885	60068820	22	2.38e-06
NC_007417.3:c9357295-9346855	CM069436.1	78662855	78663028	58	3.39e-32
NC_007417.3:c9357295-9346855	CM069436.1	78663139	78663315	59	3.39e-32
NC_007417.3:c9357295-9346855	CM069437.1	13070773	13071165	131	3.41e-30
NC_007417.3:c9357295-9346855	CM069437.1	17849727	17849894	56	8.00e-22
NC_007417.3:c9357295-9346855	CM069437.1	17850513	17850668	52	8.00e-22
NC_007417.3:c9357295-9346855	CM069437.1	33771336	33771479	48	8.00e-22
NC_007417.3:c9357295-9346855	CM069437.1	43260994	43261329	112	8.84e-22
NC_007417.3:c9357295-9346855	CM069437.1	76749014	76749211	66	5.95e-16
NC_007417.3:c9357295-9346855	CM069437.1	76749346	76749495	50	5.95e-16
